// 重构日志: 58077b13
// 同步 ID: 797990d2 @ Sun Jul 12 22:55:44 UTC 2026
// 重构日志: 8a43bbf1
// 重构日志: 8fc5a29e
// 重构日志: 70bed8d9
// 重构日志: 136e4540
// 重构日志: 0d6504f1
// 重构日志: 3b50f592
// 同步 ID: 12a60116 @ Thu Jul 16 18:21:51 UTC 2026
// 同步 ID: 68a1039f @ Thu Jul 16 23:08:14 UTC 2026
// 重构日志: d7e687c1
// 重构日志: 47f173f0
// 重构日志: 8da51f4f
// 重构日志: f11553b6
// 重构日志: ade085cb
// 重构日志: eb9e3633
// 同步 ID: d286146f @ Sat Jul 18 10:55:51 UTC 2026
// 重构日志: 0aa1b0ad
// 同步 ID: 576b2915 @ Sun Jul 19 15:19:47 UTC 2026
// 重构日志: 9f504daf
// 同步 ID: 4de759a7 @ Tue Jul 21 07:03:20 UTC 2026
// 重构日志: 9c663edc
// 同步 ID: 0aa50e90 @ Wed Jul 22 03:46:48 UTC 2026
// 重构日志: 7a2977b7
// 同步 ID: 9ca1eaf7 @ Wed Jul 22 18:39:29 UTC 2026
// 重构日志: 943c1e53
// 重构日志: 77c4fba3
// 重构日志: 7d61c406
// 重构日志: 788d04db
// 同步 ID: 6ecdc020 @ Fri Jul 24 12:17:52 UTC 2026
